{
  "stats": {
    "suites": 14,
    "tests": 23,
    "passes": 23,
    "pending": 0,
    "failures": 0,
    "start": "2019-05-24T05:44:52.493Z",
    "end": "2019-05-24T05:44:52.537Z",
    "duration": 44,
    "testsRegistered": 23,
    "passPercent": 100,
    "pendingPercent": 0,
    "other": 0,
    "hasOther": false,
    "skipped": 0,
    "hasSkipped": false,
    "passPercentClass": "success",
    "pendingPercentClass": "danger"
  },
  "suites": {
    "uuid": "c10155bf-dfb6-4315-860d-ce27b08a9cdf",
    "title": "",
    "fullFile": "",
    "file": "",
    "beforeHooks": [],
    "afterHooks": [],
    "tests": [],
    "suites": [
      {
        "uuid": "26c49019-c1cf-4c22-8b51-24a89141daa2",
        "title": "Calcultator tests using ASSERT module",
        "fullFile": "C:\\Users\\Bowie\\Desktop\\build-database\\test\\specs\\spec.calculator.assert.js",
        "file": "\\test\\specs\\spec.calculator.assert.js",
        "beforeHooks": [
          {
            "title": "\"before all\" hook",
            "fullTitle": "Calcultator tests using ASSERT module \"before all\" hook",
            "timedOut": false,
            "duration": 0,
            "pass": false,
            "fail": false,
            "pending": false,
            "code": "// runs before all tests in this block\nconst result = null;",
            "err": {},
            "isRoot": false,
            "uuid": "1e18461c-238c-4a40-9b7d-786a00801f05",
            "isHook": true,
            "skipped": false
          },
          {
            "title": "\"before each\" hook",
            "fullTitle": "Calcultator tests using ASSERT module \"before each\" hook",
            "timedOut": false,
            "duration": 0,
            "pass": false,
            "fail": false,
            "pending": false,
            "code": "// runs before each test in this block",
            "err": {},
            "isRoot": false,
            "uuid": "cbda51b3-ada4-4e86-87de-6b84e6a88fec",
            "isHook": true,
            "skipped": false
          }
        ],
        "afterHooks": [
          {
            "title": "\"after all\" hook",
            "fullTitle": "Calcultator tests using ASSERT module \"after all\" hook",
            "timedOut": false,
            "duration": 0,
            "pass": false,
            "fail": false,
            "pending": false,
            "code": "// runs after all tests in this block",
            "err": {},
            "isRoot": false,
            "uuid": "3f1c93f7-460a-45f1-a6e9-f0ee72c65f6b",
            "isHook": true,
            "skipped": false
          },
          {
            "title": "\"after each\" hook",
            "fullTitle": "Calcultator tests using ASSERT module \"after each\" hook",
            "timedOut": false,
            "duration": 0,
            "pass": false,
            "fail": false,
            "pending": false,
            "code": "// runs after each test in this block\nconst result = null;",
            "err": {},
            "isRoot": false,
            "uuid": "3df4f1fa-aed3-40ca-83b3-75f1286f36e4",
            "isHook": true,
            "skipped": false
          }
        ],
        "tests": [],
        "suites": [
          {
            "uuid": "1330e30f-5a51-45a7-ab16-c30fce98fdaa",
            "title": "Check Sum Function: ",
            "fullFile": "C:\\Users\\Bowie\\Desktop\\build-database\\test\\specs\\spec.calculator.assert.js",
            "file": "\\test\\specs\\spec.calculator.assert.js",
            "beforeHooks": [],
            "afterHooks": [],
            "tests": [
              {
                "title": "Check the returned value using: assert.equal(value, value): ",
                "fullTitle": "Calcultator tests using ASSERT module Check Sum Function:  Check the returned value using: assert.equal(value, value): ",
                "timedOut": false,
                "duration": 0,
                "state": "passed",
                "speed": "fast",
                "pass": true,
                "fail": false,
                "pending": false,
                "code": "const result = calculator.sum(2);\nassert.equal(result, 4);",
                "err": {},
                "isRoot": false,
                "uuid": "80eaf0ac-1815-4f51-ae60-32e144afc758",
                "isHook": false,
                "skipped": false
              },
              {
                "title": "Check the returned value using: assert(typeof(value, 'value')): ",
                "fullTitle": "Calcultator tests using ASSERT module Check Sum Function:  Check the returned value using: assert(typeof(value, 'value')): ",
                "timedOut": false,
                "duration": 0,
                "state": "passed",
                "speed": "fast",
                "pass": true,
                "fail": false,
                "pending": false,
                "code": "const result = calculator.sum(2);\nassert(typeof result, 'number');",
                "err": {},
                "isRoot": false,
                "uuid": "b10b9290-88d4-4857-9ad3-6b474146d828",
                "isHook": false,
                "skipped": false
              }
            ],
            "suites": [],
            "passes": [
              "80eaf0ac-1815-4f51-ae60-32e144afc758",
              "b10b9290-88d4-4857-9ad3-6b474146d828"
            ],
            "failures": [],
            "pending": [],
            "skipped": [],
            "duration": 0,
            "root": false,
            "rootEmpty": false,
            "_timeout": 2000
          },
          {
            "uuid": "010af0e4-612a-4abc-a10f-e52bba31a0a9",
            "title": "Check addTested Function: ",
            "fullFile": "C:\\Users\\Bowie\\Desktop\\build-database\\test\\specs\\spec.calculator.assert.js",
            "file": "\\test\\specs\\spec.calculator.assert.js",
            "beforeHooks": [],
            "afterHooks": [],
            "tests": [
              {
                "title": "Check the returned value using: assert.equal(value, 'value'): ",
                "fullTitle": "Calcultator tests using ASSERT module Check addTested Function:  Check the returned value using: assert.equal(value, 'value'): ",
                "timedOut": false,
                "duration": 0,
                "state": "passed",
                "speed": "fast",
                "pass": true,
                "fail": false,
                "pending": false,
                "code": "const result = calculator.addTested('text');\nassert.equal(result, 'text tested');",
                "err": {},
                "isRoot": false,
                "uuid": "ae315719-907f-466b-9f2f-9558a758984d",
                "isHook": false,
                "skipped": false
              },
              {
                "title": "Check the returned value using: assert(typeof(value, 'value')): ",
                "fullTitle": "Calcultator tests using ASSERT module Check addTested Function:  Check the returned value using: assert(typeof(value, 'value')): ",
                "timedOut": false,
                "duration": 0,
                "state": "passed",
                "speed": "fast",
                "pass": true,
                "fail": false,
                "pending": false,
                "code": "const result = calculator.addTested('text');\nassert.equal(typeof result, 'string');",
                "err": {},
                "isRoot": false,
                "uuid": "4c915030-629d-4794-9b70-5d3b03aab280",
                "isHook": false,
                "skipped": false
              },
              {
                "title": "Check the returned value using: assert.equal(value, value): ",
                "fullTitle": "Calcultator tests using ASSERT module Check addTested Function:  Check the returned value using: assert.equal(value, value): ",
                "timedOut": false,
                "duration": 0,
                "state": "passed",
                "speed": "fast",
                "pass": true,
                "fail": false,
                "pending": false,
                "code": "const result = calculator.addTested('text');\nassert.equal(result.length, 11);",
                "err": {},
                "isRoot": false,
                "uuid": "f039ca6a-5c6c-4016-b6a9-b77c167d20c6",
                "isHook": false,
                "skipped": false
              }
            ],
            "suites": [],
            "passes": [
              "ae315719-907f-466b-9f2f-9558a758984d",
              "4c915030-629d-4794-9b70-5d3b03aab280",
              "f039ca6a-5c6c-4016-b6a9-b77c167d20c6"
            ],
            "failures": [],
            "pending": [],
            "skipped": [],
            "duration": 0,
            "root": false,
            "rootEmpty": false,
            "_timeout": 2000
          }
        ],
        "passes": [],
        "failures": [],
        "pending": [],
        "skipped": [],
        "duration": 0,
        "root": false,
        "rootEmpty": false,
        "_timeout": 2000
      },
      {
        "uuid": "aff7df8c-0439-4d92-9509-27983ad77107",
        "title": "Calcultator tests using ASSERT interface from CHAI module: ",
        "fullFile": "C:\\Users\\Bowie\\Desktop\\build-database\\test\\specs\\spec.calculator.chai.assert.js",
        "file": "\\test\\specs\\spec.calculator.chai.assert.js",
        "beforeHooks": [
          {
            "title": "\"before all\" hook",
            "fullTitle": "Calcultator tests using ASSERT interface from CHAI module:  \"before all\" hook",
            "timedOut": false,
            "duration": 0,
            "pass": false,
            "fail": false,
            "pending": false,
            "code": "// runs before all tests in this block\nconst result = null;",
            "err": {},
            "isRoot": false,
            "uuid": "24ceb953-3167-4db1-b45e-9d8bf5c839cf",
            "isHook": true,
            "skipped": false
          },
          {
            "title": "\"before each\" hook",
            "fullTitle": "Calcultator tests using ASSERT interface from CHAI module:  \"before each\" hook",
            "timedOut": false,
            "duration": 0,
            "pass": false,
            "fail": false,
            "pending": false,
            "code": "// runs before each test in this block",
            "err": {},
            "isRoot": false,
            "uuid": "f7e16a8f-b41a-4e84-867e-09e4ea7f9bfa",
            "isHook": true,
            "skipped": false
          }
        ],
        "afterHooks": [
          {
            "title": "\"after all\" hook",
            "fullTitle": "Calcultator tests using ASSERT interface from CHAI module:  \"after all\" hook",
            "timedOut": false,
            "duration": 0,
            "pass": false,
            "fail": false,
            "pending": false,
            "code": "// runs after all tests in this block",
            "err": {},
            "isRoot": false,
            "uuid": "671e6990-6ac6-478e-a739-ee02a10ebc35",
            "isHook": true,
            "skipped": false
          },
          {
            "title": "\"after each\" hook",
            "fullTitle": "Calcultator tests using ASSERT interface from CHAI module:  \"after each\" hook",
            "timedOut": false,
            "duration": 0,
            "pass": false,
            "fail": false,
            "pending": false,
            "code": "// runs after each test in this block\nconst result = null;",
            "err": {},
            "isRoot": false,
            "uuid": "fc460928-9f72-48e8-ac38-d2c27d92e202",
            "isHook": true,
            "skipped": false
          }
        ],
        "tests": [],
        "suites": [
          {
            "uuid": "12574c03-d2ec-46df-b0e2-940b4bc9ed70",
            "title": "Check Sum Function: ",
            "fullFile": "C:\\Users\\Bowie\\Desktop\\build-database\\test\\specs\\spec.calculator.chai.assert.js",
            "file": "\\test\\specs\\spec.calculator.chai.assert.js",
            "beforeHooks": [],
            "afterHooks": [],
            "tests": [
              {
                "title": "Check the returned value using: assert.equal(value,'value'): ",
                "fullTitle": "Calcultator tests using ASSERT interface from CHAI module:  Check Sum Function:  Check the returned value using: assert.equal(value,'value'): ",
                "timedOut": false,
                "duration": 1,
                "state": "passed",
                "speed": "fast",
                "pass": true,
                "fail": false,
                "pending": false,
                "code": "const result = calculator.sum(2);\nassert.equal(result, 4);",
                "err": {},
                "isRoot": false,
                "uuid": "533c0434-76d2-4269-ad79-0541e5fa0d1f",
                "isHook": false,
                "skipped": false
              },
              {
                "title": "Check the returned value using: assert.typeOf(value,'value'):  ",
                "fullTitle": "Calcultator tests using ASSERT interface from CHAI module:  Check Sum Function:  Check the returned value using: assert.typeOf(value,'value'):  ",
                "timedOut": false,
                "duration": 1,
                "state": "passed",
                "speed": "fast",
                "pass": true,
                "fail": false,
                "pending": false,
                "code": "const result = calculator.sum(2);\nassert.typeOf(result, 'number');",
                "err": {},
                "isRoot": false,
                "uuid": "56d6c248-c948-458a-996c-a2a863787350",
                "isHook": false,
                "skipped": false
              }
            ],
            "suites": [],
            "passes": [
              "533c0434-76d2-4269-ad79-0541e5fa0d1f",
              "56d6c248-c948-458a-996c-a2a863787350"
            ],
            "failures": [],
            "pending": [],
            "skipped": [],
            "duration": 2,
            "root": false,
            "rootEmpty": false,
            "_timeout": 2000
          },
          {
            "uuid": "bd9146e0-c9dd-4fcc-8c10-d6349f55f44a",
            "title": "Check addTested Function: ",
            "fullFile": "C:\\Users\\Bowie\\Desktop\\build-database\\test\\specs\\spec.calculator.chai.assert.js",
            "file": "\\test\\specs\\spec.calculator.chai.assert.js",
            "beforeHooks": [],
            "afterHooks": [],
            "tests": [
              {
                "title": "Check the returned value using: assert.equal(value,'value'): ",
                "fullTitle": "Calcultator tests using ASSERT interface from CHAI module:  Check addTested Function:  Check the returned value using: assert.equal(value,'value'): ",
                "timedOut": false,
                "duration": 0,
                "state": "passed",
                "speed": "fast",
                "pass": true,
                "fail": false,
                "pending": false,
                "code": "const result = calculator.addTested('text');\nassert.equal(result, 'text tested');",
                "err": {},
                "isRoot": false,
                "uuid": "32d69964-9c87-46c2-9981-7d4da01e681f",
                "isHook": false,
                "skipped": false
              },
              {
                "title": "Check the returned value using: assert.typeOf(value,'value'): ",
                "fullTitle": "Calcultator tests using ASSERT interface from CHAI module:  Check addTested Function:  Check the returned value using: assert.typeOf(value,'value'): ",
                "timedOut": false,
                "duration": 0,
                "state": "passed",
                "speed": "fast",
                "pass": true,
                "fail": false,
                "pending": false,
                "code": "const result = calculator.addTested('text');\nassert.typeOf(result, 'string');",
                "err": {},
                "isRoot": false,
                "uuid": "2b2e1218-57b6-414b-bab6-a0be7d80d365",
                "isHook": false,
                "skipped": false
              },
              {
                "title": "Check the returned value using: assert.lengthOf(value,'value'): ",
                "fullTitle": "Calcultator tests using ASSERT interface from CHAI module:  Check addTested Function:  Check the returned value using: assert.lengthOf(value,'value'): ",
                "timedOut": false,
                "duration": 2,
                "state": "passed",
                "speed": "fast",
                "pass": true,
                "fail": false,
                "pending": false,
                "code": "const result = calculator.addTested('text');\nassert.lengthOf(result, 11);",
                "err": {},
                "isRoot": false,
                "uuid": "6285988f-8c9a-426f-b95f-9ba70db9ea07",
                "isHook": false,
                "skipped": false
              }
            ],
            "suites": [],
            "passes": [
              "32d69964-9c87-46c2-9981-7d4da01e681f",
              "2b2e1218-57b6-414b-bab6-a0be7d80d365",
              "6285988f-8c9a-426f-b95f-9ba70db9ea07"
            ],
            "failures": [],
            "pending": [],
            "skipped": [],
            "duration": 2,
            "root": false,
            "rootEmpty": false,
            "_timeout": 2000
          }
        ],
        "passes": [],
        "failures": [],
        "pending": [],
        "skipped": [],
        "duration": 0,
        "root": false,
        "rootEmpty": false,
        "_timeout": 2000
      },
      {
        "uuid": "c23b3ef1-496d-4a1f-af77-e47a504174da",
        "title": "Calcultator tests using EXPECT interface from CHAI module: ",
        "fullFile": "C:\\Users\\Bowie\\Desktop\\build-database\\test\\specs\\spec.calculator.chai.expect.js",
        "file": "\\test\\specs\\spec.calculator.chai.expect.js",
        "beforeHooks": [
          {
            "title": "\"before all\" hook",
            "fullTitle": "Calcultator tests using EXPECT interface from CHAI module:  \"before all\" hook",
            "timedOut": false,
            "duration": 0,
            "pass": false,
            "fail": false,
            "pending": false,
            "code": "// runs before all tests in this block\nconst result = null;",
            "err": {},
            "isRoot": false,
            "uuid": "7d528343-da3b-4c28-8135-dc847b7583e5",
            "isHook": true,
            "skipped": false
          },
          {
            "title": "\"before each\" hook",
            "fullTitle": "Calcultator tests using EXPECT interface from CHAI module:  \"before each\" hook",
            "timedOut": false,
            "duration": 0,
            "pass": false,
            "fail": false,
            "pending": false,
            "code": "// runs before each test in this block",
            "err": {},
            "isRoot": false,
            "uuid": "ca2b839a-bcc4-499c-a03e-1b00e7866b02",
            "isHook": true,
            "skipped": false
          }
        ],
        "afterHooks": [
          {
            "title": "\"after all\" hook",
            "fullTitle": "Calcultator tests using EXPECT interface from CHAI module:  \"after all\" hook",
            "timedOut": false,
            "duration": 0,
            "pass": false,
            "fail": false,
            "pending": false,
            "code": "// runs after all tests in this block",
            "err": {},
            "isRoot": false,
            "uuid": "71fae245-48c7-4db4-a797-a723ce13f979",
            "isHook": true,
            "skipped": false
          },
          {
            "title": "\"after each\" hook",
            "fullTitle": "Calcultator tests using EXPECT interface from CHAI module:  \"after each\" hook",
            "timedOut": false,
            "duration": 0,
            "pass": false,
            "fail": false,
            "pending": false,
            "code": "// runs after each test in this block\nconst result = null;",
            "err": {},
            "isRoot": false,
            "uuid": "012b49e5-24ee-41aa-be54-764969276171",
            "isHook": true,
            "skipped": false
          }
        ],
        "tests": [],
        "suites": [
          {
            "uuid": "f6faa036-2cd3-4f00-a974-97cdce2ddf0c",
            "title": "Check Sum Function: ",
            "fullFile": "C:\\Users\\Bowie\\Desktop\\build-database\\test\\specs\\spec.calculator.chai.expect.js",
            "file": "\\test\\specs\\spec.calculator.chai.expect.js",
            "beforeHooks": [],
            "afterHooks": [],
            "tests": [
              {
                "title": "Check the returned value using: expect(value).to.equal(value): ",
                "fullTitle": "Calcultator tests using EXPECT interface from CHAI module:  Check Sum Function:  Check the returned value using: expect(value).to.equal(value): ",
                "timedOut": false,
                "duration": 1,
                "state": "passed",
                "speed": "fast",
                "pass": true,
                "fail": false,
                "pending": false,
                "code": "const result = calculator.sum(2);\nexpect(result).to.equal(4);",
                "err": {},
                "isRoot": false,
                "uuid": "c69b3f09-6bcb-44e3-b1c5-0b283c86630b",
                "isHook": false,
                "skipped": false
              },
              {
                "title": "Check the returned value using: expect(value).to.be.a('value'): ",
                "fullTitle": "Calcultator tests using EXPECT interface from CHAI module:  Check Sum Function:  Check the returned value using: expect(value).to.be.a('value'): ",
                "timedOut": false,
                "duration": 0,
                "state": "passed",
                "speed": "fast",
                "pass": true,
                "fail": false,
                "pending": false,
                "code": "const result = calculator.sum(2);\nexpect(result).to.be.a('number');",
                "err": {},
                "isRoot": false,
                "uuid": "51d80951-e924-418f-a747-f1b156a34ecc",
                "isHook": false,
                "skipped": false
              }
            ],
            "suites": [],
            "passes": [
              "c69b3f09-6bcb-44e3-b1c5-0b283c86630b",
              "51d80951-e924-418f-a747-f1b156a34ecc"
            ],
            "failures": [],
            "pending": [],
            "skipped": [],
            "duration": 1,
            "root": false,
            "rootEmpty": false,
            "_timeout": 2000
          },
          {
            "uuid": "a820008c-ab59-4f76-9427-e8238794bf11",
            "title": "Check addTested Function: ",
            "fullFile": "C:\\Users\\Bowie\\Desktop\\build-database\\test\\specs\\spec.calculator.chai.expect.js",
            "file": "\\test\\specs\\spec.calculator.chai.expect.js",
            "beforeHooks": [],
            "afterHooks": [],
            "tests": [
              {
                "title": "Check the returned value using: expect(value).to.equal('value'): ",
                "fullTitle": "Calcultator tests using EXPECT interface from CHAI module:  Check addTested Function:  Check the returned value using: expect(value).to.equal('value'): ",
                "timedOut": false,
                "duration": 0,
                "state": "passed",
                "speed": "fast",
                "pass": true,
                "fail": false,
                "pending": false,
                "code": "const result = calculator.addTested('text');\nexpect(result).to.equal('text tested');",
                "err": {},
                "isRoot": false,
                "uuid": "9c6ba791-a1a0-47cb-bd14-a9c751e6b8f4",
                "isHook": false,
                "skipped": false
              },
              {
                "title": "Check the returned value using: expect(value).to.be.a('value')): ",
                "fullTitle": "Calcultator tests using EXPECT interface from CHAI module:  Check addTested Function:  Check the returned value using: expect(value).to.be.a('value')): ",
                "timedOut": false,
                "duration": 0,
                "state": "passed",
                "speed": "fast",
                "pass": true,
                "fail": false,
                "pending": false,
                "code": "const result = calculator.addTested('text');\nexpect(result).to.be.a('string');",
                "err": {},
                "isRoot": false,
                "uuid": "e90d384b-43ae-4f18-9d62-43a0d742b2ac",
                "isHook": false,
                "skipped": false
              },
              {
                "title": "Check the returned value using: expect(value).to.have.lengthOf(value): ",
                "fullTitle": "Calcultator tests using EXPECT interface from CHAI module:  Check addTested Function:  Check the returned value using: expect(value).to.have.lengthOf(value): ",
                "timedOut": false,
                "duration": 0,
                "state": "passed",
                "speed": "fast",
                "pass": true,
                "fail": false,
                "pending": false,
                "code": "const result = calculator.addTested('text');\nexpect(result).to.have.lengthOf(11);",
                "err": {},
                "isRoot": false,
                "uuid": "e2f05fb5-0be7-4aed-a400-51097c646c04",
                "isHook": false,
                "skipped": false
              }
            ],
            "suites": [],
            "passes": [
              "9c6ba791-a1a0-47cb-bd14-a9c751e6b8f4",
              "e90d384b-43ae-4f18-9d62-43a0d742b2ac",
              "e2f05fb5-0be7-4aed-a400-51097c646c04"
            ],
            "failures": [],
            "pending": [],
            "skipped": [],
            "duration": 0,
            "root": false,
            "rootEmpty": false,
            "_timeout": 2000
          }
        ],
        "passes": [],
        "failures": [],
        "pending": [],
        "skipped": [],
        "duration": 0,
        "root": false,
        "rootEmpty": false,
        "_timeout": 2000
      },
      {
        "uuid": "e79986db-73c6-4677-a4b8-a99d4e5b2572",
        "title": "Calcultator tests using SHOULD interface from CHAI module: ",
        "fullFile": "C:\\Users\\Bowie\\Desktop\\build-database\\test\\specs\\spec.calculator.chai.should.js",
        "file": "\\test\\specs\\spec.calculator.chai.should.js",
        "beforeHooks": [
          {
            "title": "\"before all\" hook",
            "fullTitle": "Calcultator tests using SHOULD interface from CHAI module:  \"before all\" hook",
            "timedOut": false,
            "duration": 0,
            "pass": false,
            "fail": false,
            "pending": false,
            "code": "// runs before all tests in this block\nconst result = null;",
            "err": {},
            "isRoot": false,
            "uuid": "a12073b4-1011-4d46-95cd-01d128fe1ac1",
            "isHook": true,
            "skipped": false
          },
          {
            "title": "\"before each\" hook",
            "fullTitle": "Calcultator tests using SHOULD interface from CHAI module:  \"before each\" hook",
            "timedOut": false,
            "duration": 0,
            "pass": false,
            "fail": false,
            "pending": false,
            "code": "// runs before each test in this block",
            "err": {},
            "isRoot": false,
            "uuid": "8733994b-467e-44ed-9916-f5f87ea482de",
            "isHook": true,
            "skipped": false
          }
        ],
        "afterHooks": [
          {
            "title": "\"after all\" hook",
            "fullTitle": "Calcultator tests using SHOULD interface from CHAI module:  \"after all\" hook",
            "timedOut": false,
            "duration": 0,
            "pass": false,
            "fail": false,
            "pending": false,
            "code": "// runs after all tests in this block",
            "err": {},
            "isRoot": false,
            "uuid": "4fdb0186-de6d-4ded-bcfe-f23ba951377d",
            "isHook": true,
            "skipped": false
          },
          {
            "title": "\"after each\" hook",
            "fullTitle": "Calcultator tests using SHOULD interface from CHAI module:  \"after each\" hook",
            "timedOut": false,
            "duration": 0,
            "pass": false,
            "fail": false,
            "pending": false,
            "code": "// runs after each test in this block\nconst result = null;",
            "err": {},
            "isRoot": false,
            "uuid": "f9f4a120-f98a-45db-88b7-35e3887d4838",
            "isHook": true,
            "skipped": false
          }
        ],
        "tests": [],
        "suites": [
          {
            "uuid": "c33d4b1f-5737-47f6-aa3c-4e7a80dd4ac0",
            "title": "Check Sum Function: ",
            "fullFile": "C:\\Users\\Bowie\\Desktop\\build-database\\test\\specs\\spec.calculator.chai.should.js",
            "file": "\\test\\specs\\spec.calculator.chai.should.js",
            "beforeHooks": [],
            "afterHooks": [],
            "tests": [
              {
                "title": "Check the returned value using: value.should.equal(value): ",
                "fullTitle": "Calcultator tests using SHOULD interface from CHAI module:  Check Sum Function:  Check the returned value using: value.should.equal(value): ",
                "timedOut": false,
                "duration": 0,
                "state": "passed",
                "speed": "fast",
                "pass": true,
                "fail": false,
                "pending": false,
                "code": "const result = calculator.sum(2);\nresult.should.equal(4);",
                "err": {},
                "isRoot": false,
                "uuid": "1b65fc9a-0ffc-4443-94a7-e69c0ecc9ba6",
                "isHook": false,
                "skipped": false
              },
              {
                "title": "Check the returned value using: value.should.be.a('value'): ",
                "fullTitle": "Calcultator tests using SHOULD interface from CHAI module:  Check Sum Function:  Check the returned value using: value.should.be.a('value'): ",
                "timedOut": false,
                "duration": 0,
                "state": "passed",
                "speed": "fast",
                "pass": true,
                "fail": false,
                "pending": false,
                "code": "const result = calculator.sum(2);\nresult.should.be.a('number');",
                "err": {},
                "isRoot": false,
                "uuid": "01dfa15b-a144-4463-bc0e-2995893cf617",
                "isHook": false,
                "skipped": false
              }
            ],
            "suites": [],
            "passes": [
              "1b65fc9a-0ffc-4443-94a7-e69c0ecc9ba6",
              "01dfa15b-a144-4463-bc0e-2995893cf617"
            ],
            "failures": [],
            "pending": [],
            "skipped": [],
            "duration": 0,
            "root": false,
            "rootEmpty": false,
            "_timeout": 2000
          },
          {
            "uuid": "b2e6d01e-9f26-4376-8245-26f075efc9c7",
            "title": "Check addTested Function: ",
            "fullFile": "C:\\Users\\Bowie\\Desktop\\build-database\\test\\specs\\spec.calculator.chai.should.js",
            "file": "\\test\\specs\\spec.calculator.chai.should.js",
            "beforeHooks": [],
            "afterHooks": [],
            "tests": [
              {
                "title": "Check the returned value using: value.should.equal(value): ",
                "fullTitle": "Calcultator tests using SHOULD interface from CHAI module:  Check addTested Function:  Check the returned value using: value.should.equal(value): ",
                "timedOut": false,
                "duration": 0,
                "state": "passed",
                "speed": "fast",
                "pass": true,
                "fail": false,
                "pending": false,
                "code": "const result = calculator.addTested('text');\nresult.should.equal('text tested');",
                "err": {},
                "isRoot": false,
                "uuid": "3a41d4ca-818b-4005-b32f-d541a1d903be",
                "isHook": false,
                "skipped": false
              },
              {
                "title": "Check the returned value using: value.should.be.a('value'): ",
                "fullTitle": "Calcultator tests using SHOULD interface from CHAI module:  Check addTested Function:  Check the returned value using: value.should.be.a('value'): ",
                "timedOut": false,
                "duration": 0,
                "state": "passed",
                "speed": "fast",
                "pass": true,
                "fail": false,
                "pending": false,
                "code": "const result = calculator.addTested('text');\nresult.should.be.a('string');",
                "err": {},
                "isRoot": false,
                "uuid": "c05b1a09-2a5c-408e-99fb-2a100cbf8fa0",
                "isHook": false,
                "skipped": false
              },
              {
                "title": "Check the returned value using: expect(value).to.have.lengthOf(value): ",
                "fullTitle": "Calcultator tests using SHOULD interface from CHAI module:  Check addTested Function:  Check the returned value using: expect(value).to.have.lengthOf(value): ",
                "timedOut": false,
                "duration": 0,
                "state": "passed",
                "speed": "fast",
                "pass": true,
                "fail": false,
                "pending": false,
                "code": "const result = calculator.addTested('text');\nresult.should.have.lengthOf(11);",
                "err": {},
                "isRoot": false,
                "uuid": "e2e6a759-e7c7-44c2-a950-cc9587904dff",
                "isHook": false,
                "skipped": false
              }
            ],
            "suites": [],
            "passes": [
              "3a41d4ca-818b-4005-b32f-d541a1d903be",
              "c05b1a09-2a5c-408e-99fb-2a100cbf8fa0",
              "e2e6a759-e7c7-44c2-a950-cc9587904dff"
            ],
            "failures": [],
            "pending": [],
            "skipped": [],
            "duration": 0,
            "root": false,
            "rootEmpty": false,
            "_timeout": 2000
          }
        ],
        "passes": [],
        "failures": [],
        "pending": [],
        "skipped": [],
        "duration": 0,
        "root": false,
        "rootEmpty": false,
        "_timeout": 2000
      },
      {
        "uuid": "929bab4b-f9c5-4112-b927-8959612eb6f9",
        "title": "Calcultator tests using ASSERT interface from CHAI module: ",
        "fullFile": "C:\\Users\\Bowie\\Desktop\\build-database\\test\\specs\\spec.calculator.js",
        "file": "\\test\\specs\\spec.calculator.js",
        "beforeHooks": [],
        "afterHooks": [],
        "tests": [],
        "suites": [
          {
            "uuid": "bf544fef-70d3-4b1a-94ea-37afdddd7b71",
            "title": "Check addTested Function: ",
            "fullFile": "C:\\Users\\Bowie\\Desktop\\build-database\\test\\specs\\spec.calculator.js",
            "file": "\\test\\specs\\spec.calculator.js",
            "beforeHooks": [],
            "afterHooks": [],
            "tests": [
              {
                "title": "Check the returned value using: assert.equal(value,'value'): ",
                "fullTitle": "Calcultator tests using ASSERT interface from CHAI module:  Check addTested Function:  Check the returned value using: assert.equal(value,'value'): ",
                "timedOut": false,
                "duration": 0,
                "state": "passed",
                "speed": "fast",
                "pass": true,
                "fail": false,
                "pending": false,
                "code": "const result = calculator.addTested('text');\nassert.equal(result, 'text tested');",
                "err": {},
                "isRoot": false,
                "uuid": "0688846c-0d7c-47ed-b1bb-441a2cc45a32",
                "isHook": false,
                "skipped": false
              },
              {
                "title": "Check the returned value using: assert.typeOf(value,'value'): ",
                "fullTitle": "Calcultator tests using ASSERT interface from CHAI module:  Check addTested Function:  Check the returned value using: assert.typeOf(value,'value'): ",
                "timedOut": false,
                "duration": 1,
                "state": "passed",
                "speed": "fast",
                "pass": true,
                "fail": false,
                "pending": false,
                "code": "const result = calculator.addTested('text');\nassert.typeOf(result, 'string');",
                "err": {},
                "isRoot": false,
                "uuid": "d9a5e42d-cbab-49cb-bd41-aa7f8e839ded",
                "isHook": false,
                "skipped": false
              },
              {
                "title": "Check the returned value using: assert.lengthOf(value,'value'): ",
                "fullTitle": "Calcultator tests using ASSERT interface from CHAI module:  Check addTested Function:  Check the returned value using: assert.lengthOf(value,'value'): ",
                "timedOut": false,
                "duration": 0,
                "state": "passed",
                "speed": "fast",
                "pass": true,
                "fail": false,
                "pending": false,
                "code": "const result = calculator.addTested('text');\nassert.lengthOf(result, 11);",
                "err": {},
                "isRoot": false,
                "uuid": "cc4208c0-6d57-407c-86c6-707f18471b3a",
                "isHook": false,
                "skipped": false
              }
            ],
            "suites": [],
            "passes": [
              "0688846c-0d7c-47ed-b1bb-441a2cc45a32",
              "d9a5e42d-cbab-49cb-bd41-aa7f8e839ded",
              "cc4208c0-6d57-407c-86c6-707f18471b3a"
            ],
            "failures": [],
            "pending": [],
            "skipped": [],
            "duration": 1,
            "root": false,
            "rootEmpty": false,
            "_timeout": 2000
          }
        ],
        "passes": [],
        "failures": [],
        "pending": [],
        "skipped": [],
        "duration": 0,
        "root": false,
        "rootEmpty": false,
        "_timeout": 2000
      }
    ],
    "passes": [],
    "failures": [],
    "pending": [],
    "skipped": [],
    "duration": 0,
    "root": true,
    "rootEmpty": true,
    "_timeout": 2000
  },
  "copyrightYear": 2019
}